2022-08-20 10:28:15.725  INFO 15388 --- [http-nio-9898-exec-3] c.juancondorijara.elk.elkstack.ElkStack  : Usuario Encontrado : User(id=5, nombre=Diego Alvaro, apellido=Galvez Quispe, celular=902354213)
2022-08-20 10:36:58.840 ERROR 15388 --- [http-nio-9898-exec-6] c.juancondorijara.elk.elkstack.ElkStack  : Usuario NO Encontrado con ID : 15
2022-08-20 11:59:05.050 ERROR 15388 --- [http-nio-9898-exec-2] c.juancondorijara.elk.elkstack.ElkStack  : Usuario NO Encontrado con ID : 20
2022-08-20 12:01:02.735  INFO 15388 --- [http-nio-9898-exec-4] c.juancondorijara.elk.elkstack.ElkStack  : Usuario Encontrado : User(id=8, nombre=Brayan Enrique, apellido=Vicente Manrique, celular=903456324)
2022-08-20 13:36:28.983  INFO 8056 --- [main] c.j.elk.ElkStackExampleApplication       : Starting ElkStackExampleApplication using Java 11.0.8 on DESKTOP-15E64H8 with PID 8056 (D:\JuanCondori\Documentos\IntelliJ_IDEA\ELK\elk-stack-example\target\classes started by Juan Condori in D:\JuanCondori\Documentos\IntelliJ_IDEA\ELK\elk-stack-example)
2022-08-20 13:36:28.994  INFO 8056 --- [main] c.j.elk.ElkStackExampleApplication       : No active profile set, falling back to 1 default profile: "default"
2022-08-20 13:36:32.903  INFO 8056 --- [main] o.s.b.w.embedded.tomcat.TomcatWebServer  : Tomcat initialized with port(s): 9898 (http)
2022-08-20 13:36:32.919  INFO 8056 --- [main] o.apache.catalina.core.StandardService   : Starting service [Tomcat]
2022-08-20 13:36:32.919  INFO 8056 --- [main] org.apache.catalina.core.StandardEngine  : Starting Servlet engine: [Apache Tomcat/9.0.58]
2022-08-20 13:36:33.153  INFO 8056 --- [main] o.a.c.c.C.[Tomcat].[localhost].[/]       : Initializing Spring embedded WebApplicationContext
2022-08-20 13:36:33.153  INFO 8056 --- [main] w.s.c.ServletWebServerApplicationContext : Root WebApplicationContext: initialization completed in 3877 ms
2022-08-20 13:36:34.239  INFO 8056 --- [main] o.s.b.w.embedded.tomcat.TomcatWebServer  : Tomcat started on port(s): 9898 (http) with context path ''
2022-08-20 13:36:34.295  INFO 8056 --- [main] c.j.elk.ElkStackExampleApplication       : Started ElkStackExampleApplication in 7.364 seconds (JVM running for 17.939)
2022-08-20 13:37:13.197  INFO 8056 --- [http-nio-9898-exec-1] o.a.c.c.C.[Tomcat].[localhost].[/]       : Initializing Spring DispatcherServlet 'dispatcherServlet'
2022-08-20 13:37:13.205  INFO 8056 --- [http-nio-9898-exec-1] o.s.web.servlet.DispatcherServlet        : Initializing Servlet 'dispatcherServlet'
2022-08-20 13:37:13.205  INFO 8056 --- [http-nio-9898-exec-1] o.s.web.servlet.DispatcherServlet        : Completed initialization in 0 ms
2022-08-20 13:37:13.357  INFO 8056 --- [http-nio-9898-exec-1] c.juancondorijara.elk.elkstack.ElkStack  : Usuario Encontrado : User(id=3, nombre=Josue Miguel, apellido=Alarcon Asto, celular=945763267)
2022-08-20 13:42:31.363  INFO 8056 --- [http-nio-9898-exec-5] c.juancondorijara.elk.elkstack.ElkStack  : Usuario Encontrado : User(id=5, nombre=Diego Alvaro, apellido=Galvez Quispe, celular=902354213)
2022-08-20 13:47:35.932  INFO 8056 --- [http-nio-9898-exec-8] c.juancondorijara.elk.elkstack.ElkStack  : Usuario Encontrado : User(id=6, nombre=Sofia Carmen, apellido=Huamán Vásquez, celular=956734534)
2022-08-20 13:51:28.784  INFO 8056 --- [http-nio-9898-exec-1] c.juancondorijara.elk.elkstack.ElkStack  : Usuario Encontrado : User(id=7, nombre=Victor Raúl, apellido=Quispe Manturano, celular=934657856)
2022-08-20 13:52:17.325  INFO 8056 --- [http-nio-9898-exec-4] c.juancondorijara.elk.elkstack.ElkStack  : Usuario Encontrado : User(id=8, nombre=Brayan Enrique, apellido=Vicente Manrique, celular=903456324)
2022-08-20 13:52:39.241 ERROR 8056 --- [http-nio-9898-exec-6] c.juancondorijara.elk.elkstack.ElkStack  : Usuario NO Encontrado con ID : 11
